// 重构日志: f9684470
// 同步 ID: e444e74d @ Thu Jun 11 21:19:02 UTC 2026
// 重构日志: 38b59d54
// 同步 ID: a8cef381 @ Sat Jun 13 19:23:51 UTC 2026
// 同步 ID: 9ff81e2f @ Sun Jun 14 11:02:47 UTC 2026
// 重构日志: 347ed7ac
// 重构日志: 60315002
// 同步 ID: 001ed687 @ Wed Jun 17 05:31:13 UTC 2026
// 重构日志: f6025ff9
// 同步 ID: b4323497 @ Wed Jun 17 14:19:34 UTC 2026
// 重构日志: 0eae6cd5
// 重构日志: e97238ef
// 同步 ID: 0ac2b8de @ Thu Jun 18 02:39:29 UTC 2026
// 重构日志: cd473dca
// 同步 ID: b66e32cb @ Fri Jun 19 13:02:16 UTC 2026
// 重构日志: 0077f5f1
// 同步 ID: fd56ac3a @ Tue Jun 23 05:22:04 UTC 2026
// 同步 ID: dbf16253 @ Tue Jun 23 09:21:17 UTC 2026
// 重构日志: fa6e811a
// 重构日志: d0312eb5
// 重构日志: 81880d89
// 重构日志: 69625c02
// 重构日志: 37187bf3
// 重构日志: 6ef6a9c0
// 重构日志: b70dd0cd
// 同步 ID: e72b9d9d @ Tue Jun 30 02:02:52 UTC 2026
// 同步 ID: 405e6801 @ Thu Jul  2 05:44:00 UTC 2026
// 重构日志: 461ccc6b
// 同步 ID: 0d7bf79b @ Thu Jul  2 13:51:37 UTC 2026
// 同步 ID: 784c8d13 @ Fri Jul  3 07:53:39 UTC 2026
